<?xml version="1.0" encoding="UTF-8"?>
<!-- Generated by org.testng.reporters.JUnitXMLReporter -->
<testsuite hostname="WIN-09Q94745HUF" ignored="0" name="CalculatorTest" tests="1" failures="1" timestamp="2020-08-21T19:05:35 GMT+03:00" time="32.36" errors="0">
  <testcase name="GoogleCloudCalculatorTestWithSendingEmail" time="18.954" classname="tests.CalculatorTest">
    <failure type="org.openqa.selenium.NoSuchElementException" message="Unable to locate element: //*[@class=&amp;apos;md-select-menu-container md-active md-clickable&amp;apos;]//*[contains(text(), &amp;apos;2x375 GB&amp;apos;)]
For documentation on this error, please visit: https://www.seleniumhq.org/exceptions/no_such_element.html
Build info: version: &amp;apos;3.141.59&amp;apos;, revision: &amp;apos;e82be7d358&amp;apos;, time: &amp;apos;2018-11-14T08:17:03&amp;apos;
System info: host: &amp;apos;WIN-09Q94745HUF&amp;apos;, ip: &amp;apos;192.168.100.147&amp;apos;, os.name: &amp;apos;Windows 10&amp;apos;, os.arch: &amp;apos;amd64&amp;apos;, os.version: &amp;apos;10.0&amp;apos;, java.version: &amp;apos;1.8.0_221&amp;apos;
Driver info: org.openqa.selenium.firefox.FirefoxDriver
Capabilities {acceptInsecureCerts: true, browserName: firefox, browserVersion: 78.0.2, javascriptEnabled: true, moz:accessibilityChecks: false, moz:buildID: 20200708170202, moz:geckodriverVersion: 0.27.0, moz:headless: false, moz:processID: 4524, moz:profile: C:\Users\User\AppData\Local..., moz:shutdownTimeout: 60000, moz:useNonSpecCompliantPointerOrigin: false, moz:webdriverClick: true, pageLoadStrategy: normal, platform: WINDOWS, platformName: WINDOWS, platformVersion: 10.0, rotatable: false, setWindowRect: true, strictFileInteractability: false, timeouts: {implicit: 0, pageLoad: 300000, script: 30000}, unhandledPromptBehavior: dismiss and notify}
Session ID: 301691dc-df15-4ab0-abf9-0d3e5972f077
*** Element info: {Using=xpath, value=//*[@class=&amp;apos;md-select-menu-container md-active md-clickable&amp;apos;]//*[contains(text(), &amp;apos;2x375 GB&amp;apos;)]}">
      <![CDATA[org.openqa.selenium.NoSuchElementException: Unable to locate element: //*[@class='md-select-menu-container md-active md-clickable']//*[contains(text(), '2x375 GB')]
For documentation on this error, please visit: https://www.seleniumhq.org/exceptions/no_such_element.html
Build info: version: '3.141.59', revision: 'e82be7d358', time: '2018-11-14T08:17:03'
System info: host: 'WIN-09Q94745HUF', ip: '192.168.100.147', os.name: 'Windows 10', os.arch: 'amd64', os.version: '10.0', java.version: '1.8.0_221'
Driver info: org.openqa.selenium.firefox.FirefoxDriver
Capabilities {acceptInsecureCerts: true, browserName: firefox, browserVersion: 78.0.2, javascriptEnabled: true, moz:accessibilityChecks: false, moz:buildID: 20200708170202, moz:geckodriverVersion: 0.27.0, moz:headless: false, moz:processID: 4524, moz:profile: C:\Users\User\AppData\Local..., moz:shutdownTimeout: 60000, moz:useNonSpecCompliantPointerOrigin: false, moz:webdriverClick: true, pageLoadStrategy: normal, platform: WINDOWS, platformName: WINDOWS, platformVersion: 10.0, rotatable: false, setWindowRect: true, strictFileInteractability: false, timeouts: {implicit: 0, pageLoad: 300000, script: 30000}, unhandledPromptBehavior: dismiss and notify}
Session ID: 301691dc-df15-4ab0-abf9-0d3e5972f077
*** Element info: {Using=xpath, value=//*[@class='md-select-menu-container md-active md-clickable']//*[contains(text(), '2x375 GB')]}
at org.openqa.selenium.remote.http.W3CHttpResponseCodec.createException(W3CHttpResponseCodec.java:187)
at org.openqa.selenium.remote.http.W3CHttpResponseCodec.decode(W3CHttpResponseCodec.java:122)
at org.openqa.selenium.remote.http.W3CHttpResponseCodec.decode(W3CHttpResponseCodec.java:49)
at org.openqa.selenium.remote.HttpCommandExecutor.execute(HttpCommandExecutor.java:158)
at org.openqa.selenium.remote.service.DriverCommandExecutor.execute(DriverCommandExecutor.java:83)
at org.openqa.selenium.remote.RemoteWebDriver.execute(RemoteWebDriver.java:552)
at org.openqa.selenium.remote.RemoteWebDriver.findElement(RemoteWebDriver.java:323)
at org.openqa.selenium.remote.RemoteWebDriver.findElementByXPath(RemoteWebDriver.java:428)
at org.openqa.selenium.By$ByXPath.findElement(By.java:353)
at org.openqa.selenium.remote.RemoteWebDriver.findElement(RemoteWebDriver.java:315)
at pages.calculator.CalculatorHomePage.selectElementAndClick(CalculatorHomePage.java:249)
at pages.calculator.CalculatorHomePage.chooseLocalSSD(CalculatorHomePage.java:152)
at pages.calculator.CalculatorHomePage.useProperties(CalculatorHomePage.java:216)
at tests.CalculatorTest.GoogleCloudCalculatorTestWithSendingEmail(CalculatorTest.java:25)
at java.util.ArrayList.forEach(ArrayList.java:1257)
... Removed 35 stack frames]]>
    </failure>
  </testcase> <!-- GoogleCloudCalculatorTestWithSendingEmail -->
</testsuite> <!-- CalculatorTest -->
