<?xml version="1.0" encoding="UTF-8"?>
<testsuite xmlns:xsi="http://www.w3.org/2001/XMLSchema-instance" xsi:noNamespaceSchemaLocation="https://maven.apache.org/surefire/maven-surefire-plugin/xsd/surefire-test-report.xsd" name="TestSuite" time="60.326" tests="1" errors="0" skipped="0" failures="1">
  <properties>
[...]
</properties>
  <testcase name="GoogleCloudCalculatorTestWithSendingEmail" classname="tests.CalculatorTest" time="19.198">
    <failure message="Unable to locate element: //*[@class=&apos;md-select-menu-container md-active md-clickable&apos;]//*[contains(text(), &apos;2x375 GB&apos;)]&#10;For documentation on this error, please visit: https://www.seleniumhq.org/exceptions/no_such_element.html&#10;Build info: version: &apos;3.141.59&apos;, revision: &apos;e82be7d358&apos;, time: &apos;2018-11-14T08:17:03&apos;&#10;System info: host: &apos;WIN-09Q94745HUF&apos;, ip: &apos;192.168.100.147&apos;, os.name: &apos;Windows 10&apos;, os.arch: &apos;amd64&apos;, os.version: &apos;10.0&apos;, java.version: &apos;1.8.0_221&apos;&#10;Driver info: org.openqa.selenium.firefox.FirefoxDriver&#10;Capabilities {acceptInsecureCerts: true, browserName: firefox, browserVersion: 78.0.2, javascriptEnabled: true, moz:accessibilityChecks: false, moz:buildID: 20200708170202, moz:geckodriverVersion: 0.27.0, moz:headless: false, moz:processID: 4524, moz:profile: C:\Users\User\AppData\Local..., moz:shutdownTimeout: 60000, moz:useNonSpecCompliantPointerOrigin: false, moz:webdriverClick: true, pageLoadStrategy: normal, platform: WINDOWS, platformName: WINDOWS, platformVersion: 10.0, rotatable: false, setWindowRect: true, strictFileInteractability: false, timeouts: {implicit: 0, pageLoad: 300000, script: 30000}, unhandledPromptBehavior: dismiss and notify}&#10;Session ID: 301691dc-df15-4ab0-abf9-0d3e5972f077&#10;*** Element info: {Using=xpath, value=//*[@class=&apos;md-select-menu-container md-active md-clickable&apos;]//*[contains(text(), &apos;2x375 GB&apos;)]}" type="org.openqa.selenium.NoSuchElementException">org.openqa.selenium.NoSuchElementException: 
Unable to locate element: //*[@class='md-select-menu-container md-active md-clickable']//*[contains(text(), '2x375 GB')]
For documentation on this error, please visit: https://www.seleniumhq.org/exceptions/no_such_element.html
Build info: version: '3.141.59', revision: 'e82be7d358', time: '2018-11-14T08:17:03'
System info: host: 'WIN-09Q94745HUF', ip: '192.168.100.147', os.name: 'Windows 10', os.arch: 'amd64', os.version: '10.0', java.version: '1.8.0_221'
Driver info: org.openqa.selenium.firefox.FirefoxDriver
Capabilities {acceptInsecureCerts: true, browserName: firefox, browserVersion: 78.0.2, javascriptEnabled: true, moz:accessibilityChecks: false, moz:buildID: 20200708170202, moz:geckodriverVersion: 0.27.0, moz:headless: false, moz:processID: 4524, moz:profile: C:\Users\User\AppData\Local..., moz:shutdownTimeout: 60000, moz:useNonSpecCompliantPointerOrigin: false, moz:webdriverClick: true, pageLoadStrategy: normal, platform: WINDOWS, platformName: WINDOWS, platformVersion: 10.0, rotatable: false, setWindowRect: true, strictFileInteractability: false, timeouts: {implicit: 0, pageLoad: 300000, script: 30000}, unhandledPromptBehavior: dismiss and notify}
Session ID: 301691dc-df15-4ab0-abf9-0d3e5972f077
*** Element info: {Using=xpath, value=//*[@class='md-select-menu-container md-active md-clickable']//*[contains(text(), '2x375 GB')]}
	at tests.CalculatorTest.GoogleCloudCalculatorTestWithSendingEmail(CalculatorTest.java:25)
</failure>
    <system-out><![CDATA[[INFO ] 2020-08-21 19:05:24.966 [main]  - Activated Compute Engine
[INFO ] 2020-08-21 19:05:25.309 [main]  - Pasted Number Of Instance: [4]
[INFO ] 2020-08-21 19:05:25.625 [main]  - Pasted What Are These Instances For: []
[INFO ] 2020-08-21 19:05:26.226 [main]  - Chose Operating System Software: [Free: Debian, CentOS, CoreOS, Ubuntu, or other User Provided OS]
[INFO ] 2020-08-21 19:05:26.749 [main]  - Chose Machine Class: [Regular]
[INFO ] 2020-08-21 19:05:27.389 [main]  - Chose Machine Type: [n1-standard-8 (vCPUs: 8, RAM: 30GB)]
[INFO ] 2020-08-21 19:05:27.750 [main]  - Added GPUs
[INFO ] 2020-08-21 19:05:28.329 [main]  - Chose Number Of GPUs: [1]
[INFO ] 2020-08-21 19:05:28.917 [main]  - Chose GPU Type: [NVIDIA Tesla V100]
]]></system-out>
    <system-err><![CDATA[SLF4J: Failed to load class "org.slf4j.impl.StaticLoggerBinder".
SLF4J: Defaulting to no-operation (NOP) logger implementation
SLF4J: See http://www.slf4j.org/codes.html#StaticLoggerBinder for further details.
1598025904735	geckodriver	INFO	Listening on 127.0.0.1:16856
1598025905341	mozrunner::runner	INFO	Running command: "C:\\Program Files\\Mozilla Firefox\\firefox.exe" "--marionette" "-foreground" "-no-remote" "-profile" "C:\\Users\\User\\AppData\\Local\\Temp\\rust_mozprofileeChmBr"
JavaScript error: resource://gre/modules/XULStore.jsm, line 66: Error: Can't find profile directory.
1598025908695	Marionette	INFO	Listening on port 64677
1598025909892	Marionette	WARN	TLS certificate errors will be ignored for this session
авг 21, 2020 7:05:09 PM org.openqa.selenium.remote.ProtocolHandshake createSession
INFO: Detected dialect: W3C
JavaScript error: resource://gre/modules/URIFixup.jsm, line 281: NS_ERROR_FAILURE: Should pass a non-null uri
JavaScript error: resource://gre/modules/XULStore.jsm, line 66: Error: Can't find profile directory.
JavaScript error: resource://gre/modules/XULStore.jsm, line 66: Error: Can't find profile directory.
]]></system-err>
  </testcase>
</testsuite>