<?xml version="1.0" encoding="UTF-8"?>
<testng-results skipped="0" failed="0" ignored="0" total="1" passed="1">
  <reporter-output>
  </reporter-output>
  <suite name="Smoke" duration-ms="43794" started-at="2020-08-21T18:35:54 GMT+03:00" finished-at="2020-08-21T18:36:38 GMT+03:00">
    <groups>
    </groups>
    <test name="CalculatorTest" duration-ms="43794" started-at="2020-08-21T18:35:54 GMT+03:00" finished-at="2020-08-21T18:36:38 GMT+03:00">
      <class name="tests.CalculatorTest">
        <test-method status="PASS" signature="browserSetup()[pri:0, instance:tests.CalculatorTest@56ef9176]" name="browserSetup" is-config="true" duration-ms="7331" started-at="2020-08-21T18:35:54 GMT+03:00" finished-at="2020-08-21T18:36:02 GMT+03:00">
          <reporter-output>
          </reporter-output>
        </test-method> <!-- browserSetup -->
        <test-method status="PASS" signature="GoogleCloudCalculatorTestWithSendingEmail()[pri:0, instance:tests.CalculatorTest@56ef9176]" name="GoogleCloudCalculatorTestWithSendingEmail" duration-ms="29712" started-at="2020-08-21T18:36:02 GMT+03:00" finished-at="2020-08-21T18:36:31 GMT+03:00">
          <reporter-output>
          </reporter-output>
        </test-method> <!-- GoogleCloudCalculatorTestWithSendingEmail -->
        <test-method status="PASS" signature="browserTearDown()[pri:0, instance:tests.CalculatorTest@56ef9176]" name="browserTearDown" is-config="true" duration-ms="6725" started-at="2020-08-21T18:36:31 GMT+03:00" finished-at="2020-08-21T18:36:38 GMT+03:00">
          <reporter-output>
          </reporter-output>
        </test-method> <!-- browserTearDown -->
      </class> <!-- tests.CalculatorTest -->
    </test> <!-- CalculatorTest -->
  </suite> <!-- Smoke -->
</testng-results>
